\BOOKMARK [0][-]{chapter*.2}{Wstep}{}% 1
\BOOKMARK [0][-]{chapter.1}{Opis ligi NBA, jak wyglada sezon}{}% 2
\BOOKMARK [0][-]{chapter.2}{Teoria, matematyka}{}% 3
\BOOKMARK [1][-]{section.2.1}{Rozk\233ad jednostajny}{chapter.2}% 4
\BOOKMARK [1][-]{section.2.2}{Generatory liczb pseudolosowych rozk\233adu jednostajnego}{chapter.2}% 5
\BOOKMARK [1][-]{section.2.3}{Metoda Monte Carlo}{chapter.2}% 6
\BOOKMARK [1][-]{section.2.4}{Zasada bootstrap}{chapter.2}% 7
\BOOKMARK [2][-]{subsection.2.4.1}{Bootstrap parametryczny}{section.2.4}% 8
\BOOKMARK [0][-]{chapter.3}{Metodologia, algorytmy}{}% 9
\BOOKMARK [1][-]{section.3.1}{Modele bootstrapowe}{chapter.3}% 10
\BOOKMARK [2][-]{subsection.3.1.1}{Model usredniony}{section.3.1}% 11
\BOOKMARK [2][-]{subsection.3.1.2}{Model rywalizacji}{section.3.1}% 12
\BOOKMARK [2][-]{subsection.3.1.3}{Model symulacji spotkan fazy pucharowej}{section.3.1}% 13
\BOOKMARK [1][-]{section.3.2}{Predykcja wynik\363w na podstawie symulacji}{chapter.3}% 14
\BOOKMARK [2][-]{subsection.3.2.1}{Predykcja wynik\363w sezonu zasadniczego}{section.3.2}% 15
\BOOKMARK [2][-]{subsection.3.2.2}{Modele predykcji wynik\363w fazy pucharowej}{section.3.2}% 16
\BOOKMARK [0][-]{chapter.4}{Wyniki, porownanie modeli}{}% 17
\BOOKMARK [0][-]{chapter.5}{Wnioski}{}% 18
\BOOKMARK [0][-]{chapter*.12}{Podsumowanie}{}% 19
\BOOKMARK [0][-]{chapter*.13}{Dodatek}{}% 20
\BOOKMARK [0][-]{section*.14}{Bibliografia}{}% 21
